#
# There is insufficient memory for the Java Runtime Environment to continue.
# Native memory allocation (malloc) failed to allocate 1048576 bytes for E in C:\jdk7u1_64p\jdk7u5\hotspot\src\share\vm\utilities/taskqueue.hpp
# Possible reasons:
#   The system is out of physical RAM or swap space
#   In 32 bit mode, the process size limit was hit
# Possible solutions:
#   Reduce memory load on the system
#   Increase physical memory or swap space
#   Check if swap backing store is full
#   Use 64 bit Java on a 64 bit OS
#   Decrease Java heap size (-Xmx/-Xms)
#   Decrease number of Java threads
#   Decrease Java thread stack sizes (-Xss)
#   Set larger code cache with -XX:ReservedCodeCacheSize=
# This output file may be truncated or incomplete.
#
#  Out of Memory Error (memory/allocation.inline.hpp:58), pid=17984, tid=8596
#
# JRE version: 7.0_05-b06
# Java VM: Java HotSpot(TM) 64-Bit Server VM (23.1-b03 mixed mode windows-amd64 compressed oops)
# Failed to write core dump. Minidumps are not enabled by default on client versions of Windows
#

---------------  T H R E A D  ---------------

Current thread (0x0000000001eed000):  JavaThread "Unknown thread" [_thread_in_vm, id=8596, stack(0x00000000020a0000,0x00000000021a0000)]

Stack: [0x00000000020a0000,0x00000000021a0000]

---------------  P R O C E S S  ---------------

Java Threads: ( => current thread )

Other Threads:

=>0x0000000001eed000 (exited) JavaThread "Unknown thread" [_thread_in_vm, id=8596, stack(0x00000000020a0000,0x00000000021a0000)]

VM state:not at safepoint (normal execution)

VM Mutex/Monitor currently owned by a thread: None

Heap
 PSYoungGen      total 38144K, used 654K [0x00000000d56b0000, 0x00000000d8140000, 0x0000000000000000)
  eden space 32704K, 2% used [0x00000000d56b0000,0x00000000d57538c0,0x00000000d76a0000)
  from space 5440K, 0% used [0x00000000d7bf0000,0x00000000d7bf0000,0x00000000d8140000)
  to   space 5440K, 0% used [0x00000000d76a0000,0x00000000d76a0000,0x00000000d7bf0000)
 ParOldGen       total 87232K, used 0K [0x0000000080400000, 0x0000000085930000, 0x00000000d56b0000)
  object space 87232K, 0% used [0x0000000080400000,0x0000000080400000,0x0000000085930000)
 PSPermGen       total 21248K, used 678K [0x000000007b200000, 0x000000007c6c0000, 0x0000000080400000)
  object space 21248K, 3% used [0x000000007b200000,0x000000007b2a9a00,0x000000007c6c0000)

Code Cache  [0x00000000021a0000, 0x0000000002410000, 0x00000000051a0000)
 total_blobs=39 nmethods=0 adapters=20 free_code_cache=48889Kb largest_free_block=50062912

Compilation events (0 events):
No events

GC Heap History (0 events):
No events

Deoptimization events (0 events):
No events

Internal exceptions (0 events):
No events

Events (10 events):
Event: 0.037 loading class 0x0000000001e9ba30
Event: 0.037 loading class 0x0000000001e9ba30 done
Event: 0.037 loading class 0x0000000001e9ba90
Event: 0.037 loading class 0x0000000001e9ba90 done
Event: 0.037 loading class 0x0000000001e9bac0
Event: 0.038 loading class 0x0000000001e9bac0 done
Event: 0.038 loading class 0x0000000001e51620
Event: 0.038 loading class 0x0000000001e51620 done
Event: 0.038 loading class 0x0000000001e511e0
Event: 0.038 loading class 0x0000000001e511e0 done


Dynamic libraries:
0x000000003f720000 - 0x000000003f754000 	C:\Program Files\Java\jre7\bin\javaw.exe
0x0000000076db0000 - 0x0000000076f59000 	C:\Windows\SYSTEM32\ntdll.dll
0x0000000076a30000 - 0x0000000076b4f000 	C:\Windows\system32\kernel32.dll
0x00000000fd450000 - 0x00000000fd4bb000 	C:\Windows\system32\KERNELBASE.dll
0x00000000fd6c0000 - 0x00000000fd79b000 	C:\Windows\system32\ADVAPI32.dll
0x00000000fecf0000 - 0x00000000fed8f000 	C:\Windows\system32\msvcrt.dll
0x00000000fd5e0000 - 0x00000000fd5ff000 	C:\Windows\SYSTEM32\sechost.dll
0x00000000fef10000 - 0x00000000ff03d000 	C:\Windows\system32\RPCRT4.dll
0x0000000076b50000 - 0x0000000076c4a000 	C:\Windows\system32\USER32.dll
0x00000000fd600000 - 0x00000000fd667000 	C:\Windows\system32\GDI32.dll
0x00000000fed90000 - 0x00000000fed9e000 	C:\Windows\system32\LPK.dll
0x00000000feda0000 - 0x00000000fee69000 	C:\Windows\system32\USP10.dll
0x00000000fbb50000 - 0x00000000fbd44000 	C:\Windows\WinSxS\amd64_microsoft.windows.common-controls_6595b64144ccf1df_6.0.7601.17514_none_fa396087175ac9ac\COMCTL32.dll
0x00000000fdc70000 - 0x00000000fdce1000 	C:\Windows\system32\SHLWAPI.dll
0x00000000fdc40000 - 0x00000000fdc6e000 	C:\Windows\system32\IMM32.DLL
0x00000000fd7c0000 - 0x00000000fd8c9000 	C:\Windows\system32\MSCTF.dll
0x0000000055290000 - 0x0000000055361000 	C:\Program Files\Java\jre7\bin\msvcr100.dll
0x00000000506f0000 - 0x0000000050e0a000 	C:\Program Files\Java\jre7\bin\server\jvm.dll
0x00000000f82d0000 - 0x00000000f82d9000 	C:\Windows\system32\WSOCK32.dll
0x00000000fd670000 - 0x00000000fd6bd000 	C:\Windows\system32\WS2_32.dll
0x00000000fd8d0000 - 0x00000000fd8d8000 	C:\Windows\system32\NSI.dll
0x00000000fb180000 - 0x00000000fb1bb000 	C:\Windows\system32\WINMM.dll
0x0000000076f80000 - 0x0000000076f87000 	C:\Windows\system32\PSAPI.DLL
0x0000000055640000 - 0x000000005564f000 	C:\Program Files\Java\jre7\bin\verify.dll
0x0000000055260000 - 0x0000000055288000 	C:\Program Files\Java\jre7\bin\java.dll
0x0000000055240000 - 0x0000000055255000 	C:\Program Files\Java\jre7\bin\zip.dll

VM Arguments:
jvm_args: -Dfile.encoding=Cp1252 
java_command: net.sourcedreams.Main
Launcher Type: SUN_STANDARD

Environment Variables:
JAVA_HOME=C:\Program Files\Java\jdk1.7.0_05
CLASSPATH=.;C:\Program Files (x86)\Java\jre7\lib\ext\QTJava.zip
PATH=C:\Program Files (x86)\NVIDIA Corporation\PhysX\Common;C:\Windows\SYSTEM32;C:\Windows;C:\Windows\SYSTEM32\WBEM;C:\Windows\SYSTEM32\WINDOWSPOWERSHELL\V1.0\;;C:\PROGRAM FILES (X86)\QUICKTIME\QTSYSTEM\;C:\PROGRAM FILES (X86)\ZEND\MYSQL51\BIN;C:\PROGRAM FILES (X86)\ZEND\ZENDSERVER\SHARE\ZENDFRAMEWORK\BIN;C:\PROGRAM FILES (X86)\ZEND\ZENDSERVER\BIN;C:\Program Files\apache-ant-1.8.4\bin
USERNAME=Bryan
OS=Windows_NT
PROCESSOR_IDENTIFIER=Intel64 Family 6 Model 42 Stepping 7, GenuineIntel



---------------  S Y S T E M  ---------------

OS: Windows 7 , 64 bit Build 7601 Service Pack 1

CPU:total 8 (4 cores per cpu, 2 threads per core) family 6 model 42 stepping 7, cmov, cx8, fxsr, mmx, sse, sse2, sse3, ssse3, sse4.1, sse4.2, popcnt, avx, ht, tsc, tscinvbit

Memory: 4k page, physical 8370032k(347328k free), swap 10465328k(5852k free)

vm_info: Java HotSpot(TM) 64-Bit Server VM (23.1-b03) for windows-amd64 JRE (1.7.0_05-b06), built on Jun 27 2012 00:54:58 by "java_re" with unknown MS VC++:1600

time: Sat Feb 23 21:47:30 2013
elapsed time: 0 seconds

